{"level":"info","message":"Connected to mongo db..."}
{"level":"info","message":"Connected to mongo db..."}
{"level":"info","message":"Connected to mongo db..."}
{"level":"info","message":"Connected to mongo db..."}
{"level":"info","message":"Connected to mongo db..."}
{"level":"info","message":"Connected to mongo db..."}
{"level":"info","message":"Listening on port 3000..."}
{"level":"info","message":"Connected to mongo db..."}
{"level":"info","message":"Listening on port 3000..."}
{"level":"info","message":"Connected to mongo db..."}
{"level":"info","message":"Listening on port 3000..."}
{"level":"info","message":"Connected to mongodb://localhost/vidly..."}
{"level":"info","message":"Listening on port 3000..."}
{"level":"info","message":"Connected to mongodb://localhost/vidly..."}
{"level":"info","message":"Listening on port 3000..."}
{"level":"info","message":"Connected to mongodb://localhost/vidly..."}
{"level":"info","message":"Listening on port 3000..."}
{"level":"info","message":"Connected to mongodb://localhost/vidly..."}
{"level":"info","message":"Listening on port 3000..."}
{"level":"info","message":"Connected to mongodb://localhost/vidly..."}
{"level":"info","message":"Listening on port 3000..."}
{"level":"info","message":"Connected to mongodb://localhost/vidly..."}
{"level":"info","message":"Listening on port 3000..."}
{"level":"info","message":"Connected to mongodb://localhost/vidly_tests..."}
{"level":"info","message":"Listening on port 3000..."}
{"level":"info","message":"Connected to mongodb://localhost/vidly..."}
{"level":"info","message":"Listening on port 3000..."}
{"level":"info","message":"Connected to mongodb://localhost/vidly..."}
{"level":"info","message":"Listening on port 3000..."}
{"level":"info","message":"Connected to mongodb://localhost/vidly..."}
{"level":"info","message":"Listening on port 3000..."}
{"level":"info","message":"Connected to mongodb://localhost/vidly..."}
{"level":"info","message":"Listening on port 3000..."}
{"level":"info","message":"Connected to mongodb://localhost/vidly..."}
{"level":"info","message":"Listening on port 3000..."}
{"level":"info","message":"Connected to mongodb://localhost/vidly..."}
{"level":"info","message":"Listening on port 3000 in production environment..."}
{"level":"info","message":"Connected to mongodb://localhost/vidly..."}
{"level":"info","message":"Listening on port 3000 in test environment..."}
{"level":"info","message":"Connected to mongodb://localhost/vidly_tests..."}
{"level":"info","message":"Listening on port 3000 in test environment..."}
{"level":"error","message":"Could not get genres.","metadata":{},"stack":"Error: Could not get genres.\n    at C:\\Work\\Tutorials\\NodeJS\\vidly\\routes\\genres.js:8:11\n    at newFn (C:\\Work\\Tutorials\\NodeJS\\vidly\\node_modules\\express-async-errors\\index.js:16:20)\n    at Layer.handle [as handle_request] (C:\\Work\\Tutorials\\NodeJS\\vidly\\node_modules\\express\\lib\\router\\layer.js:95:5)\n    at next (C:\\Work\\Tutorials\\NodeJS\\vidly\\node_modules\\express\\lib\\router\\route.js:137:13)\n    at Route.dispatch (C:\\Work\\Tutorials\\NodeJS\\vidly\\node_modules\\express\\lib\\router\\route.js:112:3)\n    at newFn (C:\\Work\\Tutorials\\NodeJS\\vidly\\node_modules\\express-async-errors\\index.js:16:20)\n    at Layer.handle [as handle_request] (C:\\Work\\Tutorials\\NodeJS\\vidly\\node_modules\\express\\lib\\router\\layer.js:95:5)\n    at C:\\Work\\Tutorials\\NodeJS\\vidly\\node_modules\\express\\lib\\router\\index.js:281:22\n    at Function.process_params (C:\\Work\\Tutorials\\NodeJS\\vidly\\node_modules\\express\\lib\\router\\index.js:341:12)\n    at next (C:\\Work\\Tutorials\\NodeJS\\vidly\\node_modules\\express\\lib\\router\\index.js:275:10)\n    at Function.handle (C:\\Work\\Tutorials\\NodeJS\\vidly\\node_modules\\express\\lib\\router\\index.js:174:3)\n    at router (C:\\Work\\Tutorials\\NodeJS\\vidly\\node_modules\\express\\lib\\router\\index.js:47:12)\n    at newFn (C:\\Work\\Tutorials\\NodeJS\\vidly\\node_modules\\express-async-errors\\index.js:16:20)\n    at Layer.handle [as handle_request] (C:\\Work\\Tutorials\\NodeJS\\vidly\\node_modules\\express\\lib\\router\\layer.js:95:5)\n    at trim_prefix (C:\\Work\\Tutorials\\NodeJS\\vidly\\node_modules\\express\\lib\\router\\index.js:323:13)\n    at C:\\Work\\Tutorials\\NodeJS\\vidly\\node_modules\\express\\lib\\router\\index.js:284:7"}
{"level":"info","message":"Connected to mongodb://localhost/vidly_tests..."}
{"level":"info","message":"Listening on port 3000 in test environment..."}
{"level":"info","message":"Connected to mongodb://localhost/vidly_tests..."}
{"level":"error","message":"Could not get genres.","metadata":{},"stack":"Error: Could not get genres.\n    at C:\\Work\\Tutorials\\NodeJS\\vidly\\routes\\genres.js:8:11\n    at newFn (C:\\Work\\Tutorials\\NodeJS\\vidly\\node_modules\\express-async-errors\\index.js:16:20)\n    at Layer.handle [as handle_request] (C:\\Work\\Tutorials\\NodeJS\\vidly\\node_modules\\express\\lib\\router\\layer.js:95:5)\n    at next (C:\\Work\\Tutorials\\NodeJS\\vidly\\node_modules\\express\\lib\\router\\route.js:137:13)\n    at Route.dispatch (C:\\Work\\Tutorials\\NodeJS\\vidly\\node_modules\\express\\lib\\router\\route.js:112:3)\n    at newFn (C:\\Work\\Tutorials\\NodeJS\\vidly\\node_modules\\express-async-errors\\index.js:16:20)\n    at Layer.handle [as handle_request] (C:\\Work\\Tutorials\\NodeJS\\vidly\\node_modules\\express\\lib\\router\\layer.js:95:5)\n    at C:\\Work\\Tutorials\\NodeJS\\vidly\\node_modules\\express\\lib\\router\\index.js:281:22\n    at Function.process_params (C:\\Work\\Tutorials\\NodeJS\\vidly\\node_modules\\express\\lib\\router\\index.js:341:12)\n    at next (C:\\Work\\Tutorials\\NodeJS\\vidly\\node_modules\\express\\lib\\router\\index.js:275:10)\n    at Function.handle (C:\\Work\\Tutorials\\NodeJS\\vidly\\node_modules\\express\\lib\\router\\index.js:174:3)\n    at router (C:\\Work\\Tutorials\\NodeJS\\vidly\\node_modules\\express\\lib\\router\\index.js:47:12)\n    at newFn (C:\\Work\\Tutorials\\NodeJS\\vidly\\node_modules\\express-async-errors\\index.js:16:20)\n    at Layer.handle [as handle_request] (C:\\Work\\Tutorials\\NodeJS\\vidly\\node_modules\\express\\lib\\router\\layer.js:95:5)\n    at trim_prefix (C:\\Work\\Tutorials\\NodeJS\\vidly\\node_modules\\express\\lib\\router\\index.js:323:13)\n    at C:\\Work\\Tutorials\\NodeJS\\vidly\\node_modules\\express\\lib\\router\\index.js:284:7"}
{"level":"info","message":"Listening on port 3000 in test environment..."}
{"level":"info","message":"Connected to mongodb://localhost/vidly_tests..."}
{"level":"info","message":"Listening on port 3000 in test environment..."}
{"level":"info","message":"Connected to mongodb://localhost/vidly_tests..."}
{"level":"info","message":"Listening on port 3000 in test environment..."}
{"level":"info","message":"Connected to mongodb://localhost/vidly_tests..."}
{"level":"info","message":"Listening on port 3000 in test environment..."}
{"level":"info","message":"Connected to mongodb://localhost/vidly_tests..."}
{"level":"info","message":"Listening on port 3000 in test environment..."}
{"level":"info","message":"Connected to mongodb://localhost/vidly_tests..."}
{"level":"info","message":"Listening on port 3000 in test environment..."}
{"level":"info","message":"Connected to mongodb://localhost/vidly_tests..."}
{"level":"info","message":"Listening on port 3000 in test environment..."}
{"level":"info","message":"Connected to mongodb://localhost/vidly_tests..."}
{"level":"info","message":"Listening on port 3000 in test environment..."}
{"level":"info","message":"Connected to mongodb://localhost/vidly_tests..."}
{"level":"info","message":"Listening on port 3000 in test environment..."}
{"level":"info","message":"Connected to mongodb://localhost/vidly_tests..."}
{"level":"info","message":"Listening on port 3000 in test environment..."}
{"level":"info","message":"Connected to mongodb://localhost/vidly_tests..."}
{"level":"info","message":"Listening on port 3000 in test environment..."}
{"level":"info","message":"Connected to mongodb://localhost/vidly_tests..."}
{"level":"info","message":"Listening on port 3000 in test environment..."}
{"level":"info","message":"Connected to mongodb://localhost/vidly_tests..."}
{"level":"info","message":"Listening on port 3000 in test environment..."}
{"level":"info","message":"Connected to mongodb://localhost/vidly_tests..."}
{"level":"info","message":"Listening on port 3000 in test environment..."}
{"level":"info","message":"Connected to mongodb://localhost/vidly_tests..."}
{"level":"info","message":"Listening on port 3000 in test environment..."}
{"level":"info","message":"Connected to mongodb://localhost/vidly_tests..."}
{"level":"info","message":"Listening on port 3000 in test environment..."}
{"level":"info","message":"Connected to mongodb://localhost/vidly_tests..."}
{"level":"info","message":"Listening on port 3000 in test environment..."}
{"level":"info","message":"Connected to mongodb://localhost/vidly_tests..."}
{"level":"info","message":"Listening on port 3000 in test environment..."}
{"level":"info","message":"Connected to mongodb://localhost/vidly_tests..."}
{"level":"info","message":"Listening on port 3000 in test environment..."}
{"level":"info","message":"Connected to mongodb://localhost/vidly_tests..."}
{"level":"info","message":"Listening on port 3000 in test environment..."}
{"level":"info","message":"Connected to mongodb://localhost/vidly_tests..."}
{"level":"error","message":"Cast to ObjectId failed for value \"1\" (type string) at path \"_id\" for model \"Genere\"","metadata":{"kind":"ObjectId","message":"Cast to ObjectId failed for value \"1\" (type string) at path \"_id\" for model \"Genere\"","name":"CastError","path":"_id","reason":{},"stringValue":"\"1\"","value":"1","valueType":"string"},"stack":"CastError: Cast to ObjectId failed for value \"1\" (type string) at path \"_id\" for model \"Genere\"\n    at model.Query.exec (C:\\Work\\Tutorials\\NodeJS\\vidly\\node_modules\\mongoose\\lib\\query.js:4639:21)\n    at model.Query.Object.<anonymous>.Query.then (C:\\Work\\Tutorials\\NodeJS\\vidly\\node_modules\\mongoose\\lib\\query.js:4738:15)\n    at processTicksAndRejections (internal/process/task_queues.js:95:5)"}
{"level":"info","message":"Listening on port 3000 in test environment..."}
{"level":"info","message":"Connected to mongodb://localhost/vidly_tests..."}
{"level":"error","message":"Cast to ObjectId failed for value \"1\" (type string) at path \"_id\" for model \"Genere\"","metadata":{"kind":"ObjectId","message":"Cast to ObjectId failed for value \"1\" (type string) at path \"_id\" for model \"Genere\"","name":"CastError","path":"_id","reason":{},"stringValue":"\"1\"","value":"1","valueType":"string"},"stack":"CastError: Cast to ObjectId failed for value \"1\" (type string) at path \"_id\" for model \"Genere\"\n    at model.Query.exec (C:\\Work\\Tutorials\\NodeJS\\vidly\\node_modules\\mongoose\\lib\\query.js:4639:21)\n    at model.Query.Query.then (C:\\Work\\Tutorials\\NodeJS\\vidly\\node_modules\\mongoose\\lib\\query.js:4738:15)\n    at processTicksAndRejections (internal/process/task_queues.js:95:5)"}
{"level":"info","message":"Listening on port 3000 in test environment..."}
{"level":"info","message":"Connected to mongodb://localhost/vidly_tests..."}
{"level":"info","message":"Listening on port 3000 in test environment..."}
{"level":"info","message":"Connected to mongodb://localhost/vidly_tests..."}
{"level":"info","message":"Listening on port 3000 in test environment..."}
{"level":"info","message":"Connected to mongodb://localhost/vidly_tests..."}
{"level":"info","message":"Listening on port 3000 in test environment..."}
{"level":"info","message":"Connected to mongodb://localhost/vidly_tests..."}
{"level":"info","message":"Listening on port 3000 in test environment..."}
{"level":"info","message":"Connected to mongodb://localhost/vidly_tests..."}
{"level":"info","message":"Listening on port 3000 in test environment..."}
{"level":"info","message":"Connected to mongodb://localhost/vidly_tests..."}
{"level":"info","message":"Listening on port 3000 in test environment..."}
{"level":"info","message":"Connected to mongodb://localhost/vidly_tests..."}
{"level":"info","message":"Listening on port 3000 in test environment..."}
{"level":"info","message":"Connected to mongodb://localhost/vidly_tests..."}
{"level":"info","message":"Listening on port 3000 in test environment..."}
{"level":"info","message":"Connected to mongodb://localhost/vidly_tests..."}
{"level":"info","message":"Listening on port 3000 in test environment..."}
{"level":"info","message":"Connected to mongodb://localhost/vidly_tests..."}
{"level":"info","message":"Listening on port 3000 in test environment..."}
{"level":"info","message":"Connected to mongodb://localhost/vidly_tests..."}
{"level":"info","message":"Listening on port 3000 in test environment..."}
{"level":"info","message":"Connected to mongodb://localhost/vidly_tests..."}
{"level":"info","message":"Listening on port 3000 in test environment..."}
{"level":"info","message":"Connected to mongodb://localhost/vidly_tests..."}
{"level":"info","message":"Listening on port 3000 in test environment..."}
{"level":"info","message":"Connected to mongodb://localhost/vidly_tests..."}
{"level":"info","message":"Listening on port 3000 in test environment..."}
{"level":"info","message":"Connected to mongodb://localhost/vidly_tests..."}
{"level":"error","message":"Cannot read property 'Types' of undefined","metadata":{},"stack":"TypeError: Cannot read property 'Types' of undefined\n    at C:\\Work\\Tutorials\\NodeJS\\vidly\\routes\\genres.js:14:14\n    at newFn (C:\\Work\\Tutorials\\NodeJS\\vidly\\node_modules\\express-async-errors\\index.js:16:20)\n    at Layer.handle [as handle_request] (C:\\Work\\Tutorials\\NodeJS\\vidly\\node_modules\\express\\lib\\router\\layer.js:95:5)\n    at next (C:\\Work\\Tutorials\\NodeJS\\vidly\\node_modules\\express\\lib\\router\\route.js:137:13)\n    at Route.dispatch (C:\\Work\\Tutorials\\NodeJS\\vidly\\node_modules\\express\\lib\\router\\route.js:112:3)\n    at newFn (C:\\Work\\Tutorials\\NodeJS\\vidly\\node_modules\\express-async-errors\\index.js:16:20)\n    at Layer.handle [as handle_request] (C:\\Work\\Tutorials\\NodeJS\\vidly\\node_modules\\express\\lib\\router\\layer.js:95:5)\n    at C:\\Work\\Tutorials\\NodeJS\\vidly\\node_modules\\express\\lib\\router\\index.js:281:22\n    at param (C:\\Work\\Tutorials\\NodeJS\\vidly\\node_modules\\express\\lib\\router\\index.js:360:14)\n    at param (C:\\Work\\Tutorials\\NodeJS\\vidly\\node_modules\\express\\lib\\router\\index.js:371:14)\n    at Function.process_params (C:\\Work\\Tutorials\\NodeJS\\vidly\\node_modules\\express\\lib\\router\\index.js:416:3)\n    at next (C:\\Work\\Tutorials\\NodeJS\\vidly\\node_modules\\express\\lib\\router\\index.js:275:10)\n    at Function.handle (C:\\Work\\Tutorials\\NodeJS\\vidly\\node_modules\\express\\lib\\router\\index.js:174:3)\n    at router (C:\\Work\\Tutorials\\NodeJS\\vidly\\node_modules\\express\\lib\\router\\index.js:47:12)\n    at newFn (C:\\Work\\Tutorials\\NodeJS\\vidly\\node_modules\\express-async-errors\\index.js:16:20)\n    at Layer.handle [as handle_request] (C:\\Work\\Tutorials\\NodeJS\\vidly\\node_modules\\express\\lib\\router\\layer.js:95:5)"}
{"level":"error","message":"Cannot read property 'Types' of undefined","metadata":{},"stack":"TypeError: Cannot read property 'Types' of undefined\n    at C:\\Work\\Tutorials\\NodeJS\\vidly\\routes\\genres.js:14:14\n    at newFn (C:\\Work\\Tutorials\\NodeJS\\vidly\\node_modules\\express-async-errors\\index.js:16:20)\n    at Layer.handle [as handle_request] (C:\\Work\\Tutorials\\NodeJS\\vidly\\node_modules\\express\\lib\\router\\layer.js:95:5)\n    at next (C:\\Work\\Tutorials\\NodeJS\\vidly\\node_modules\\express\\lib\\router\\route.js:137:13)\n    at Route.dispatch (C:\\Work\\Tutorials\\NodeJS\\vidly\\node_modules\\express\\lib\\router\\route.js:112:3)\n    at newFn (C:\\Work\\Tutorials\\NodeJS\\vidly\\node_modules\\express-async-errors\\index.js:16:20)\n    at Layer.handle [as handle_request] (C:\\Work\\Tutorials\\NodeJS\\vidly\\node_modules\\express\\lib\\router\\layer.js:95:5)\n    at C:\\Work\\Tutorials\\NodeJS\\vidly\\node_modules\\express\\lib\\router\\index.js:281:22\n    at param (C:\\Work\\Tutorials\\NodeJS\\vidly\\node_modules\\express\\lib\\router\\index.js:360:14)\n    at param (C:\\Work\\Tutorials\\NodeJS\\vidly\\node_modules\\express\\lib\\router\\index.js:371:14)\n    at Function.process_params (C:\\Work\\Tutorials\\NodeJS\\vidly\\node_modules\\express\\lib\\router\\index.js:416:3)\n    at next (C:\\Work\\Tutorials\\NodeJS\\vidly\\node_modules\\express\\lib\\router\\index.js:275:10)\n    at Function.handle (C:\\Work\\Tutorials\\NodeJS\\vidly\\node_modules\\express\\lib\\router\\index.js:174:3)\n    at router (C:\\Work\\Tutorials\\NodeJS\\vidly\\node_modules\\express\\lib\\router\\index.js:47:12)\n    at newFn (C:\\Work\\Tutorials\\NodeJS\\vidly\\node_modules\\express-async-errors\\index.js:16:20)\n    at Layer.handle [as handle_request] (C:\\Work\\Tutorials\\NodeJS\\vidly\\node_modules\\express\\lib\\router\\layer.js:95:5)"}
{"level":"info","message":"Listening on port 3000 in test environment..."}
{"level":"info","message":"Connected to mongodb://localhost/vidly_tests..."}
{"level":"error","message":"Cannot read property 'Types' of undefined","metadata":{},"stack":"TypeError: Cannot read property 'Types' of undefined\n    at C:\\Work\\Tutorials\\NodeJS\\vidly\\routes\\genres.js:15:19\n    at newFn (C:\\Work\\Tutorials\\NodeJS\\vidly\\node_modules\\express-async-errors\\index.js:16:20)\n    at Layer.handle [as handle_request] (C:\\Work\\Tutorials\\NodeJS\\vidly\\node_modules\\express\\lib\\router\\layer.js:95:5)\n    at next (C:\\Work\\Tutorials\\NodeJS\\vidly\\node_modules\\express\\lib\\router\\route.js:137:13)\n    at Route.dispatch (C:\\Work\\Tutorials\\NodeJS\\vidly\\node_modules\\express\\lib\\router\\route.js:112:3)\n    at newFn (C:\\Work\\Tutorials\\NodeJS\\vidly\\node_modules\\express-async-errors\\index.js:16:20)\n    at Layer.handle [as handle_request] (C:\\Work\\Tutorials\\NodeJS\\vidly\\node_modules\\express\\lib\\router\\layer.js:95:5)\n    at C:\\Work\\Tutorials\\NodeJS\\vidly\\node_modules\\express\\lib\\router\\index.js:281:22\n    at param (C:\\Work\\Tutorials\\NodeJS\\vidly\\node_modules\\express\\lib\\router\\index.js:360:14)\n    at param (C:\\Work\\Tutorials\\NodeJS\\vidly\\node_modules\\express\\lib\\router\\index.js:371:14)\n    at Function.process_params (C:\\Work\\Tutorials\\NodeJS\\vidly\\node_modules\\express\\lib\\router\\index.js:416:3)\n    at next (C:\\Work\\Tutorials\\NodeJS\\vidly\\node_modules\\express\\lib\\router\\index.js:275:10)\n    at Function.handle (C:\\Work\\Tutorials\\NodeJS\\vidly\\node_modules\\express\\lib\\router\\index.js:174:3)\n    at router (C:\\Work\\Tutorials\\NodeJS\\vidly\\node_modules\\express\\lib\\router\\index.js:47:12)\n    at newFn (C:\\Work\\Tutorials\\NodeJS\\vidly\\node_modules\\express-async-errors\\index.js:16:20)\n    at Layer.handle [as handle_request] (C:\\Work\\Tutorials\\NodeJS\\vidly\\node_modules\\express\\lib\\router\\layer.js:95:5)"}
{"level":"error","message":"Cannot read property 'Types' of undefined","metadata":{},"stack":"TypeError: Cannot read property 'Types' of undefined\n    at C:\\Work\\Tutorials\\NodeJS\\vidly\\routes\\genres.js:15:19\n    at newFn (C:\\Work\\Tutorials\\NodeJS\\vidly\\node_modules\\express-async-errors\\index.js:16:20)\n    at Layer.handle [as handle_request] (C:\\Work\\Tutorials\\NodeJS\\vidly\\node_modules\\express\\lib\\router\\layer.js:95:5)\n    at next (C:\\Work\\Tutorials\\NodeJS\\vidly\\node_modules\\express\\lib\\router\\route.js:137:13)\n    at Route.dispatch (C:\\Work\\Tutorials\\NodeJS\\vidly\\node_modules\\express\\lib\\router\\route.js:112:3)\n    at newFn (C:\\Work\\Tutorials\\NodeJS\\vidly\\node_modules\\express-async-errors\\index.js:16:20)\n    at Layer.handle [as handle_request] (C:\\Work\\Tutorials\\NodeJS\\vidly\\node_modules\\express\\lib\\router\\layer.js:95:5)\n    at C:\\Work\\Tutorials\\NodeJS\\vidly\\node_modules\\express\\lib\\router\\index.js:281:22\n    at param (C:\\Work\\Tutorials\\NodeJS\\vidly\\node_modules\\express\\lib\\router\\index.js:360:14)\n    at param (C:\\Work\\Tutorials\\NodeJS\\vidly\\node_modules\\express\\lib\\router\\index.js:371:14)\n    at Function.process_params (C:\\Work\\Tutorials\\NodeJS\\vidly\\node_modules\\express\\lib\\router\\index.js:416:3)\n    at next (C:\\Work\\Tutorials\\NodeJS\\vidly\\node_modules\\express\\lib\\router\\index.js:275:10)\n    at Function.handle (C:\\Work\\Tutorials\\NodeJS\\vidly\\node_modules\\express\\lib\\router\\index.js:174:3)\n    at router (C:\\Work\\Tutorials\\NodeJS\\vidly\\node_modules\\express\\lib\\router\\index.js:47:12)\n    at newFn (C:\\Work\\Tutorials\\NodeJS\\vidly\\node_modules\\express-async-errors\\index.js:16:20)\n    at Layer.handle [as handle_request] (C:\\Work\\Tutorials\\NodeJS\\vidly\\node_modules\\express\\lib\\router\\layer.js:95:5)"}
{"level":"info","message":"Listening on port 3000 in test environment..."}
{"level":"info","message":"Connected to mongodb://localhost/vidly_tests..."}
{"level":"error","message":"Cannot read property 'Types' of undefined","metadata":{},"stack":"TypeError: Cannot read property 'Types' of undefined\n    at C:\\Work\\Tutorials\\NodeJS\\vidly\\routes\\genres.js:15:19\n    at newFn (C:\\Work\\Tutorials\\NodeJS\\vidly\\node_modules\\express-async-errors\\index.js:16:20)\n    at Layer.handle [as handle_request] (C:\\Work\\Tutorials\\NodeJS\\vidly\\node_modules\\express\\lib\\router\\layer.js:95:5)\n    at next (C:\\Work\\Tutorials\\NodeJS\\vidly\\node_modules\\express\\lib\\router\\route.js:137:13)\n    at Route.dispatch (C:\\Work\\Tutorials\\NodeJS\\vidly\\node_modules\\express\\lib\\router\\route.js:112:3)\n    at newFn (C:\\Work\\Tutorials\\NodeJS\\vidly\\node_modules\\express-async-errors\\index.js:16:20)\n    at Layer.handle [as handle_request] (C:\\Work\\Tutorials\\NodeJS\\vidly\\node_modules\\express\\lib\\router\\layer.js:95:5)\n    at C:\\Work\\Tutorials\\NodeJS\\vidly\\node_modules\\express\\lib\\router\\index.js:281:22\n    at param (C:\\Work\\Tutorials\\NodeJS\\vidly\\node_modules\\express\\lib\\router\\index.js:360:14)\n    at param (C:\\Work\\Tutorials\\NodeJS\\vidly\\node_modules\\express\\lib\\router\\index.js:371:14)\n    at Function.process_params (C:\\Work\\Tutorials\\NodeJS\\vidly\\node_modules\\express\\lib\\router\\index.js:416:3)\n    at next (C:\\Work\\Tutorials\\NodeJS\\vidly\\node_modules\\express\\lib\\router\\index.js:275:10)\n    at Function.handle (C:\\Work\\Tutorials\\NodeJS\\vidly\\node_modules\\express\\lib\\router\\index.js:174:3)\n    at router (C:\\Work\\Tutorials\\NodeJS\\vidly\\node_modules\\express\\lib\\router\\index.js:47:12)\n    at newFn (C:\\Work\\Tutorials\\NodeJS\\vidly\\node_modules\\express-async-errors\\index.js:16:20)\n    at Layer.handle [as handle_request] (C:\\Work\\Tutorials\\NodeJS\\vidly\\node_modules\\express\\lib\\router\\layer.js:95:5)"}
{"level":"error","message":"Cannot read property 'Types' of undefined","metadata":{},"stack":"TypeError: Cannot read property 'Types' of undefined\n    at C:\\Work\\Tutorials\\NodeJS\\vidly\\routes\\genres.js:15:19\n    at newFn (C:\\Work\\Tutorials\\NodeJS\\vidly\\node_modules\\express-async-errors\\index.js:16:20)\n    at Layer.handle [as handle_request] (C:\\Work\\Tutorials\\NodeJS\\vidly\\node_modules\\express\\lib\\router\\layer.js:95:5)\n    at next (C:\\Work\\Tutorials\\NodeJS\\vidly\\node_modules\\express\\lib\\router\\route.js:137:13)\n    at Route.dispatch (C:\\Work\\Tutorials\\NodeJS\\vidly\\node_modules\\express\\lib\\router\\route.js:112:3)\n    at newFn (C:\\Work\\Tutorials\\NodeJS\\vidly\\node_modules\\express-async-errors\\index.js:16:20)\n    at Layer.handle [as handle_request] (C:\\Work\\Tutorials\\NodeJS\\vidly\\node_modules\\express\\lib\\router\\layer.js:95:5)\n    at C:\\Work\\Tutorials\\NodeJS\\vidly\\node_modules\\express\\lib\\router\\index.js:281:22\n    at param (C:\\Work\\Tutorials\\NodeJS\\vidly\\node_modules\\express\\lib\\router\\index.js:360:14)\n    at param (C:\\Work\\Tutorials\\NodeJS\\vidly\\node_modules\\express\\lib\\router\\index.js:371:14)\n    at Function.process_params (C:\\Work\\Tutorials\\NodeJS\\vidly\\node_modules\\express\\lib\\router\\index.js:416:3)\n    at next (C:\\Work\\Tutorials\\NodeJS\\vidly\\node_modules\\express\\lib\\router\\index.js:275:10)\n    at Function.handle (C:\\Work\\Tutorials\\NodeJS\\vidly\\node_modules\\express\\lib\\router\\index.js:174:3)\n    at router (C:\\Work\\Tutorials\\NodeJS\\vidly\\node_modules\\express\\lib\\router\\index.js:47:12)\n    at newFn (C:\\Work\\Tutorials\\NodeJS\\vidly\\node_modules\\express-async-errors\\index.js:16:20)\n    at Layer.handle [as handle_request] (C:\\Work\\Tutorials\\NodeJS\\vidly\\node_modules\\express\\lib\\router\\layer.js:95:5)"}
{"level":"info","message":"Listening on port 3000 in test environment..."}
{"level":"info","message":"Connected to mongodb://localhost/vidly_tests..."}
{"level":"error","message":"Cannot read property 'Types' of undefined","metadata":{},"stack":"TypeError: Cannot read property 'Types' of undefined\n    at C:\\Work\\Tutorials\\NodeJS\\vidly\\routes\\genres.js:15:19\n    at newFn (C:\\Work\\Tutorials\\NodeJS\\vidly\\node_modules\\express-async-errors\\index.js:16:20)\n    at Layer.handle [as handle_request] (C:\\Work\\Tutorials\\NodeJS\\vidly\\node_modules\\express\\lib\\router\\layer.js:95:5)\n    at next (C:\\Work\\Tutorials\\NodeJS\\vidly\\node_modules\\express\\lib\\router\\route.js:137:13)\n    at Route.dispatch (C:\\Work\\Tutorials\\NodeJS\\vidly\\node_modules\\express\\lib\\router\\route.js:112:3)\n    at newFn (C:\\Work\\Tutorials\\NodeJS\\vidly\\node_modules\\express-async-errors\\index.js:16:20)\n    at Layer.handle [as handle_request] (C:\\Work\\Tutorials\\NodeJS\\vidly\\node_modules\\express\\lib\\router\\layer.js:95:5)\n    at C:\\Work\\Tutorials\\NodeJS\\vidly\\node_modules\\express\\lib\\router\\index.js:281:22\n    at param (C:\\Work\\Tutorials\\NodeJS\\vidly\\node_modules\\express\\lib\\router\\index.js:360:14)\n    at param (C:\\Work\\Tutorials\\NodeJS\\vidly\\node_modules\\express\\lib\\router\\index.js:371:14)\n    at Function.process_params (C:\\Work\\Tutorials\\NodeJS\\vidly\\node_modules\\express\\lib\\router\\index.js:416:3)\n    at next (C:\\Work\\Tutorials\\NodeJS\\vidly\\node_modules\\express\\lib\\router\\index.js:275:10)\n    at Function.handle (C:\\Work\\Tutorials\\NodeJS\\vidly\\node_modules\\express\\lib\\router\\index.js:174:3)\n    at router (C:\\Work\\Tutorials\\NodeJS\\vidly\\node_modules\\express\\lib\\router\\index.js:47:12)\n    at newFn (C:\\Work\\Tutorials\\NodeJS\\vidly\\node_modules\\express-async-errors\\index.js:16:20)\n    at Layer.handle [as handle_request] (C:\\Work\\Tutorials\\NodeJS\\vidly\\node_modules\\express\\lib\\router\\layer.js:95:5)"}
{"level":"error","message":"Cannot read property 'Types' of undefined","metadata":{},"stack":"TypeError: Cannot read property 'Types' of undefined\n    at C:\\Work\\Tutorials\\NodeJS\\vidly\\routes\\genres.js:15:19\n    at newFn (C:\\Work\\Tutorials\\NodeJS\\vidly\\node_modules\\express-async-errors\\index.js:16:20)\n    at Layer.handle [as handle_request] (C:\\Work\\Tutorials\\NodeJS\\vidly\\node_modules\\express\\lib\\router\\layer.js:95:5)\n    at next (C:\\Work\\Tutorials\\NodeJS\\vidly\\node_modules\\express\\lib\\router\\route.js:137:13)\n    at Route.dispatch (C:\\Work\\Tutorials\\NodeJS\\vidly\\node_modules\\express\\lib\\router\\route.js:112:3)\n    at newFn (C:\\Work\\Tutorials\\NodeJS\\vidly\\node_modules\\express-async-errors\\index.js:16:20)\n    at Layer.handle [as handle_request] (C:\\Work\\Tutorials\\NodeJS\\vidly\\node_modules\\express\\lib\\router\\layer.js:95:5)\n    at C:\\Work\\Tutorials\\NodeJS\\vidly\\node_modules\\express\\lib\\router\\index.js:281:22\n    at param (C:\\Work\\Tutorials\\NodeJS\\vidly\\node_modules\\express\\lib\\router\\index.js:360:14)\n    at param (C:\\Work\\Tutorials\\NodeJS\\vidly\\node_modules\\express\\lib\\router\\index.js:371:14)\n    at Function.process_params (C:\\Work\\Tutorials\\NodeJS\\vidly\\node_modules\\express\\lib\\router\\index.js:416:3)\n    at next (C:\\Work\\Tutorials\\NodeJS\\vidly\\node_modules\\express\\lib\\router\\index.js:275:10)\n    at Function.handle (C:\\Work\\Tutorials\\NodeJS\\vidly\\node_modules\\express\\lib\\router\\index.js:174:3)\n    at router (C:\\Work\\Tutorials\\NodeJS\\vidly\\node_modules\\express\\lib\\router\\index.js:47:12)\n    at newFn (C:\\Work\\Tutorials\\NodeJS\\vidly\\node_modules\\express-async-errors\\index.js:16:20)\n    at Layer.handle [as handle_request] (C:\\Work\\Tutorials\\NodeJS\\vidly\\node_modules\\express\\lib\\router\\layer.js:95:5)"}
{"level":"info","message":"Listening on port 3000 in test environment..."}
{"level":"info","message":"Connected to mongodb://localhost/vidly_tests..."}
{"level":"error","message":"Cannot read property 'Types' of undefined","metadata":{},"stack":"TypeError: Cannot read property 'Types' of undefined\n    at C:\\Work\\Tutorials\\NodeJS\\vidly\\routes\\genres.js:15:19\n    at newFn (C:\\Work\\Tutorials\\NodeJS\\vidly\\node_modules\\express-async-errors\\index.js:16:20)\n    at Layer.handle [as handle_request] (C:\\Work\\Tutorials\\NodeJS\\vidly\\node_modules\\express\\lib\\router\\layer.js:95:5)\n    at next (C:\\Work\\Tutorials\\NodeJS\\vidly\\node_modules\\express\\lib\\router\\route.js:137:13)\n    at Route.dispatch (C:\\Work\\Tutorials\\NodeJS\\vidly\\node_modules\\express\\lib\\router\\route.js:112:3)\n    at newFn (C:\\Work\\Tutorials\\NodeJS\\vidly\\node_modules\\express-async-errors\\index.js:16:20)\n    at Layer.handle [as handle_request] (C:\\Work\\Tutorials\\NodeJS\\vidly\\node_modules\\express\\lib\\router\\layer.js:95:5)\n    at C:\\Work\\Tutorials\\NodeJS\\vidly\\node_modules\\express\\lib\\router\\index.js:281:22\n    at param (C:\\Work\\Tutorials\\NodeJS\\vidly\\node_modules\\express\\lib\\router\\index.js:360:14)\n    at param (C:\\Work\\Tutorials\\NodeJS\\vidly\\node_modules\\express\\lib\\router\\index.js:371:14)\n    at Function.process_params (C:\\Work\\Tutorials\\NodeJS\\vidly\\node_modules\\express\\lib\\router\\index.js:416:3)\n    at next (C:\\Work\\Tutorials\\NodeJS\\vidly\\node_modules\\express\\lib\\router\\index.js:275:10)\n    at Function.handle (C:\\Work\\Tutorials\\NodeJS\\vidly\\node_modules\\express\\lib\\router\\index.js:174:3)\n    at router (C:\\Work\\Tutorials\\NodeJS\\vidly\\node_modules\\express\\lib\\router\\index.js:47:12)\n    at newFn (C:\\Work\\Tutorials\\NodeJS\\vidly\\node_modules\\express-async-errors\\index.js:16:20)\n    at Layer.handle [as handle_request] (C:\\Work\\Tutorials\\NodeJS\\vidly\\node_modules\\express\\lib\\router\\layer.js:95:5)"}
{"level":"error","message":"Cannot read property 'Types' of undefined","metadata":{},"stack":"TypeError: Cannot read property 'Types' of undefined\n    at C:\\Work\\Tutorials\\NodeJS\\vidly\\routes\\genres.js:15:19\n    at newFn (C:\\Work\\Tutorials\\NodeJS\\vidly\\node_modules\\express-async-errors\\index.js:16:20)\n    at Layer.handle [as handle_request] (C:\\Work\\Tutorials\\NodeJS\\vidly\\node_modules\\express\\lib\\router\\layer.js:95:5)\n    at next (C:\\Work\\Tutorials\\NodeJS\\vidly\\node_modules\\express\\lib\\router\\route.js:137:13)\n    at Route.dispatch (C:\\Work\\Tutorials\\NodeJS\\vidly\\node_modules\\express\\lib\\router\\route.js:112:3)\n    at newFn (C:\\Work\\Tutorials\\NodeJS\\vidly\\node_modules\\express-async-errors\\index.js:16:20)\n    at Layer.handle [as handle_request] (C:\\Work\\Tutorials\\NodeJS\\vidly\\node_modules\\express\\lib\\router\\layer.js:95:5)\n    at C:\\Work\\Tutorials\\NodeJS\\vidly\\node_modules\\express\\lib\\router\\index.js:281:22\n    at param (C:\\Work\\Tutorials\\NodeJS\\vidly\\node_modules\\express\\lib\\router\\index.js:360:14)\n    at param (C:\\Work\\Tutorials\\NodeJS\\vidly\\node_modules\\express\\lib\\router\\index.js:371:14)\n    at Function.process_params (C:\\Work\\Tutorials\\NodeJS\\vidly\\node_modules\\express\\lib\\router\\index.js:416:3)\n    at next (C:\\Work\\Tutorials\\NodeJS\\vidly\\node_modules\\express\\lib\\router\\index.js:275:10)\n    at Function.handle (C:\\Work\\Tutorials\\NodeJS\\vidly\\node_modules\\express\\lib\\router\\index.js:174:3)\n    at router (C:\\Work\\Tutorials\\NodeJS\\vidly\\node_modules\\express\\lib\\router\\index.js:47:12)\n    at newFn (C:\\Work\\Tutorials\\NodeJS\\vidly\\node_modules\\express-async-errors\\index.js:16:20)\n    at Layer.handle [as handle_request] (C:\\Work\\Tutorials\\NodeJS\\vidly\\node_modules\\express\\lib\\router\\layer.js:95:5)"}
{"level":"info","message":"Listening on port 3000 in test environment..."}
{"level":"info","message":"Connected to mongodb://localhost/vidly_tests..."}
{"level":"error","message":"Cannot read property 'Types' of undefined","metadata":{},"stack":"TypeError: Cannot read property 'Types' of undefined\n    at C:\\Work\\Tutorials\\NodeJS\\vidly\\routes\\genres.js:15:19\n    at newFn (C:\\Work\\Tutorials\\NodeJS\\vidly\\node_modules\\express-async-errors\\index.js:16:20)\n    at Layer.handle [as handle_request] (C:\\Work\\Tutorials\\NodeJS\\vidly\\node_modules\\express\\lib\\router\\layer.js:95:5)\n    at next (C:\\Work\\Tutorials\\NodeJS\\vidly\\node_modules\\express\\lib\\router\\route.js:137:13)\n    at Route.dispatch (C:\\Work\\Tutorials\\NodeJS\\vidly\\node_modules\\express\\lib\\router\\route.js:112:3)\n    at newFn (C:\\Work\\Tutorials\\NodeJS\\vidly\\node_modules\\express-async-errors\\index.js:16:20)\n    at Layer.handle [as handle_request] (C:\\Work\\Tutorials\\NodeJS\\vidly\\node_modules\\express\\lib\\router\\layer.js:95:5)\n    at C:\\Work\\Tutorials\\NodeJS\\vidly\\node_modules\\express\\lib\\router\\index.js:281:22\n    at param (C:\\Work\\Tutorials\\NodeJS\\vidly\\node_modules\\express\\lib\\router\\index.js:360:14)\n    at param (C:\\Work\\Tutorials\\NodeJS\\vidly\\node_modules\\express\\lib\\router\\index.js:371:14)\n    at Function.process_params (C:\\Work\\Tutorials\\NodeJS\\vidly\\node_modules\\express\\lib\\router\\index.js:416:3)\n    at next (C:\\Work\\Tutorials\\NodeJS\\vidly\\node_modules\\express\\lib\\router\\index.js:275:10)\n    at Function.handle (C:\\Work\\Tutorials\\NodeJS\\vidly\\node_modules\\express\\lib\\router\\index.js:174:3)\n    at router (C:\\Work\\Tutorials\\NodeJS\\vidly\\node_modules\\express\\lib\\router\\index.js:47:12)\n    at newFn (C:\\Work\\Tutorials\\NodeJS\\vidly\\node_modules\\express-async-errors\\index.js:16:20)\n    at Layer.handle [as handle_request] (C:\\Work\\Tutorials\\NodeJS\\vidly\\node_modules\\express\\lib\\router\\layer.js:95:5)"}
{"level":"info","message":"Listening on port 3000 in test environment..."}
{"level":"info","message":"Connected to mongodb://localhost/vidly_tests..."}
{"level":"info","message":"Listening on port 3000 in test environment..."}
{"level":"info","message":"Connected to mongodb://localhost/vidly_tests..."}
{"level":"info","message":"Listening on port 3000 in test environment..."}
{"level":"info","message":"Connected to mongodb://localhost/vidly_tests..."}
{"level":"info","message":"Listening on port 3000 in test environment..."}
{"level":"info","message":"Connected to mongodb://localhost/vidly_tests..."}
{"level":"info","message":"Listening on port 3000 in test environment..."}
{"level":"info","message":"Connected to mongodb://localhost/vidly_tests..."}
{"level":"error","message":"Cast to ObjectId failed for value \"1\" (type string) at path \"_id\" for model \"Genere\"","metadata":{"kind":"ObjectId","message":"Cast to ObjectId failed for value \"1\" (type string) at path \"_id\" for model \"Genere\"","name":"CastError","path":"_id","reason":{},"stringValue":"\"1\"","value":"1","valueType":"string"},"stack":"CastError: Cast to ObjectId failed for value \"1\" (type string) at path \"_id\" for model \"Genere\"\n    at model.Query.exec (C:\\Work\\Tutorials\\NodeJS\\vidly\\node_modules\\mongoose\\lib\\query.js:4639:21)\n    at model.Query.Object.<anonymous>.Query.then (C:\\Work\\Tutorials\\NodeJS\\vidly\\node_modules\\mongoose\\lib\\query.js:4738:15)\n    at processTicksAndRejections (internal/process/task_queues.js:95:5)"}
{"level":"info","message":"Listening on port 3000 in test environment..."}
{"level":"info","message":"Connected to mongodb://localhost/vidly_tests..."}
{"level":"info","message":"Listening on port 3000 in test environment..."}
{"level":"info","message":"Connected to mongodb://localhost/vidly_tests..."}
{"level":"info","message":"Listening on port 3000 in test environment..."}
{"level":"info","message":"Connected to mongodb://localhost/vidly_tests..."}
{"level":"info","message":"Listening on port 3000 in test environment..."}
{"level":"info","message":"Connected to mongodb://localhost/vidly_tests..."}
{"level":"info","message":"Listening on port 3000 in test environment..."}
{"level":"info","message":"Connected to mongodb://localhost/vidly_tests..."}
{"level":"info","message":"Listening on port 3000 in test environment..."}
{"level":"info","message":"Connected to mongodb://localhost/vidly_tests..."}
{"level":"info","message":"Listening on port 3000 in test environment..."}
{"level":"info","message":"Connected to mongodb://localhost/vidly_tests..."}
{"level":"error","message":"Genere validation failed: name: Path `name` (`1234`) is shorter than the minimum allowed length (5).","metadata":{"_message":"Genere validation failed","errors":{"name":{"kind":"minlength","message":"Path `name` (`1234`) is shorter than the minimum allowed length (5).","name":"ValidatorError","path":"name","properties":{"message":"Path `name` (`1234`) is shorter than the minimum allowed length (5).","minlength":5,"path":"name","type":"minlength","value":"1234"},"value":"1234"}},"message":"Genere validation failed: name: Path `name` (`1234`) is shorter than the minimum allowed length (5).","name":"ValidationError"},"stack":"ValidationError: Genere validation failed: name: Path `name` (`1234`) is shorter than the minimum allowed length (5).\n    at model.Object.<anonymous>.Document.invalidate (C:\\Work\\Tutorials\\NodeJS\\vidly\\node_modules\\mongoose\\lib\\document.js:2940:32)\n    at C:\\Work\\Tutorials\\NodeJS\\vidly\\node_modules\\mongoose\\lib\\document.js:2731:17\n    at C:\\Work\\Tutorials\\NodeJS\\vidly\\node_modules\\mongoose\\lib\\schematype.js:1280:9\n    at processTicksAndRejections (internal/process/task_queues.js:77:11)"}
{"level":"info","message":"Listening on port 3000 in test environment..."}
{"level":"info","message":"Connected to mongodb://localhost/vidly_tests..."}
{"level":"info","message":"Listening on port 3000 in test environment..."}
{"level":"info","message":"Connected to mongodb://localhost/vidly_tests..."}
{"level":"info","message":"Listening on port 3000 in test environment..."}
{"level":"info","message":"Connected to mongodb://localhost/vidly_tests..."}
{"level":"info","message":"Listening on port 3000 in test environment..."}
{"level":"info","message":"Connected to mongodb://localhost/vidly_tests..."}
{"level":"info","message":"Listening on port 3000 in test environment..."}
{"level":"info","message":"Connected to mongodb://localhost/vidly_tests..."}
{"level":"info","message":"Listening on port 3000 in test environment..."}
{"level":"info","message":"Connected to mongodb://localhost/vidly_tests..."}
{"level":"info","message":"Listening on port 3000 in test environment..."}
{"level":"info","message":"Connected to mongodb://localhost/vidly_tests..."}
{"level":"info","message":"Listening on port 3000 in test environment..."}
{"level":"info","message":"Connected to mongodb://localhost/vidly_tests..."}
{"level":"info","message":"Listening on port 3000 in test environment..."}
{"level":"info","message":"Connected to mongodb://localhost/vidly_tests..."}
{"level":"info","message":"Listening on port 3000 in test environment..."}
{"level":"info","message":"Connected to mongodb://localhost/vidly_tests..."}
{"level":"info","message":"Listening on port 3000 in test environment..."}
{"level":"info","message":"Connected to mongodb://localhost/vidly_tests..."}
{"level":"info","message":"Listening on port 3000 in test environment..."}
{"level":"info","message":"Connected to mongodb://localhost/vidly_tests..."}
{"level":"info","message":"Listening on port 3000 in test environment..."}
{"level":"info","message":"Connected to mongodb://localhost/vidly_tests..."}
{"level":"info","message":"Listening on port 3000 in test environment..."}
{"level":"info","message":"Connected to mongodb://localhost/vidly_tests..."}
{"level":"info","message":"Listening on port 3000 in test environment..."}
{"level":"info","message":"Connected to mongodb://localhost/vidly_tests..."}
{"level":"info","message":"Listening on port 3000 in test environment..."}
{"level":"info","message":"Connected to mongodb://localhost/vidly_tests..."}
{"level":"info","message":"Listening on port 3000 in test environment..."}
{"level":"info","message":"Connected to mongodb://localhost/vidly_tests..."}
{"level":"info","message":"Listening on port 3000 in test environment..."}
{"level":"info","message":"Connected to mongodb://localhost/vidly_tests..."}
{"level":"info","message":"Listening on port 3000 in test environment..."}
{"level":"info","message":"Connected to mongodb://localhost/vidly_tests..."}
{"level":"info","message":"Listening on port 3000 in test environment..."}
{"level":"info","message":"Connected to mongodb://localhost/vidly_tests..."}
{"level":"info","message":"Listening on port 3000 in test environment..."}
{"level":"info","message":"Connected to mongodb://localhost/vidly_tests..."}
{"level":"info","message":"Listening on port 3000 in test environment..."}
{"level":"info","message":"Connected to mongodb://localhost/vidly_tests..."}
{"level":"info","message":"Listening on port 3000 in test environment..."}
{"level":"info","message":"Connected to mongodb://localhost/vidly_tests..."}
{"level":"info","message":"Listening on port 3000 in test environment..."}
{"level":"info","message":"Connected to mongodb://localhost/vidly_tests..."}
{"level":"info","message":"Listening on port 3000 in test environment..."}
{"level":"info","message":"Connected to mongodb://localhost/vidly_tests..."}
{"level":"info","message":"Listening on port 3000 in test environment..."}
{"level":"info","message":"Connected to mongodb://localhost/vidly_tests..."}
{"level":"info","message":"Listening on port 3000 in test environment..."}
{"level":"info","message":"Connected to mongodb://localhost/vidly_tests..."}
{"level":"info","message":"Listening on port 3000 in test environment..."}
{"level":"info","message":"Connected to mongodb://localhost/vidly_tests..."}
{"level":"info","message":"Listening on port 3000 in test environment..."}
{"level":"info","message":"Connected to mongodb://localhost/vidly_tests..."}
{"level":"info","message":"Listening on port 3000 in test environment..."}
{"level":"info","message":"Listening on port 3000 in test environment..."}
{"level":"info","message":"Connected to mongodb://localhost/vidly_tests..."}
{"level":"info","message":"Connected to mongodb://localhost/vidly_tests..."}
{"level":"info","message":"Listening on port 3000 in test environment..."}
{"level":"info","message":"Connected to mongodb://localhost/vidly_tests..."}
{"level":"info","message":"Listening on port 3000 in test environment..."}
{"level":"info","message":"Connected to mongodb://localhost/vidly_tests..."}
{"level":"info","message":"Listening on port 3000 in test environment..."}
{"level":"info","message":"Connected to mongodb://localhost/vidly_tests..."}
{"level":"info","message":"Listening on port 3000 in test environment..."}
{"level":"info","message":"Connected to mongodb://localhost/vidly_tests..."}
{"level":"info","message":"Listening on port 3000 in test environment..."}
{"level":"info","message":"Connected to mongodb://localhost/vidly_tests..."}
{"level":"info","message":"Listening on port 3000 in test environment..."}
{"level":"info","message":"Connected to mongodb://localhost/vidly_tests..."}
{"level":"info","message":"Listening on port 3000 in test environment..."}
{"level":"info","message":"Connected to mongodb://localhost/vidly_tests..."}
{"level":"info","message":"Listening on port 3000 in test environment..."}
{"level":"info","message":"Connected to mongodb://localhost/vidly_tests..."}
{"level":"info","message":"Listening on port 3000 in test environment..."}
{"level":"info","message":"Connected to mongodb://localhost/vidly_tests..."}
{"level":"info","message":"Listening on port 3000 in test environment..."}
{"level":"info","message":"Connected to mongodb://localhost/vidly_tests..."}
{"level":"info","message":"Listening on port 3000 in test environment..."}
{"level":"info","message":"Connected to mongodb://localhost/vidly_tests..."}
{"level":"info","message":"Listening on port 3000 in test environment..."}
{"level":"info","message":"Connected to mongodb://localhost/vidly_tests..."}
{"level":"info","message":"Listening on port 3000 in test environment..."}
{"level":"info","message":"Connected to mongodb://localhost/vidly_tests..."}
{"level":"info","message":"Listening on port 3000 in test environment..."}
{"level":"info","message":"Connected to mongodb://localhost/vidly_tests..."}
{"level":"info","message":"Listening on port 3000 in test environment..."}
{"level":"info","message":"Connected to mongodb://localhost/vidly_tests..."}
{"level":"info","message":"Listening on port 3000 in test environment..."}
{"level":"info","message":"Connected to mongodb://localhost/vidly_tests..."}
{"level":"info","message":"Listening on port 3000 in test environment..."}
{"level":"info","message":"Connected to mongodb://localhost/vidly_tests..."}
{"level":"info","message":"Listening on port 3000 in test environment..."}
{"level":"info","message":"Connected to mongodb://localhost/vidly_tests..."}
{"level":"info","message":"Listening on port 3000 in test environment..."}
{"level":"info","message":"Connected to mongodb://localhost/vidly_tests..."}
{"level":"info","message":"Listening on port 3000 in test environment..."}
{"level":"info","message":"Connected to mongodb://localhost/vidly_tests..."}
{"level":"info","message":"Listening on port 3000 in test environment..."}
{"level":"info","message":"Connected to mongodb://localhost/vidly_tests..."}
{"level":"info","message":"Listening on port 3000 in test environment..."}
{"level":"info","message":"Connected to mongodb://localhost/vidly_tests..."}
{"level":"info","message":"Connected to mongodb://localhost/vidly_tests..."}
{"level":"info","message":"Listening on port 3000 in test environment..."}
{"level":"info","message":"Listening on port 3000 in test environment..."}
{"level":"info","message":"Connected to mongodb://localhost/vidly_tests..."}
{"level":"info","message":"Connected to mongodb://localhost/vidly_tests..."}
{"level":"info","message":"Listening on port 3000 in test environment..."}
{"level":"info","message":"Listening on port 3000 in test environment..."}
{"level":"info","message":"Connected to mongodb://localhost/vidly_tests..."}
{"level":"info","message":"Connected to mongodb://localhost/vidly_tests..."}
{"level":"info","message":"Listening on port 3000 in test environment..."}
{"level":"info","message":"Listening on port 3000 in test environment..."}
{"level":"info","message":"Connected to mongodb://localhost/vidly_tests..."}
{"level":"info","message":"Listening on port 3000 in test environment..."}
{"level":"info","message":"Connected to mongodb://localhost/vidly_tests..."}
{"level":"info","message":"Listening on port 3000 in test environment..."}
{"level":"info","message":"Connected to mongodb://localhost/vidly_tests..."}
{"level":"info","message":"Listening on port 3000 in test environment..."}
{"level":"info","message":"Connected to mongodb://localhost/vidly_tests..."}
{"level":"info","message":"Listening on port 3000 in test environment..."}
{"level":"info","message":"Connected to mongodb://localhost/vidly_tests..."}
{"level":"info","message":"Listening on port 3000 in test environment..."}
{"level":"info","message":"Connected to mongodb://localhost/vidly_tests..."}
{"level":"info","message":"Listening on port 3000 in test environment..."}
{"level":"info","message":"Connected to mongodb://localhost/vidly_tests..."}
{"level":"info","message":"Listening on port 3000 in test environment..."}
{"level":"info","message":"Connected to mongodb://localhost/vidly_tests..."}
{"level":"info","message":"Listening on port 3000 in test environment..."}
{"level":"info","message":"Connected to mongodb://localhost/vidly_tests..."}
{"level":"info","message":"Listening on port 3000 in test environment..."}
{"level":"info","message":"Connected to mongodb://localhost/vidly_tests..."}
{"level":"info","message":"Listening on port 3000 in test environment..."}
{"level":"info","message":"Connected to mongodb://localhost/vidly_tests..."}
{"level":"info","message":"Listening on port 3000 in test environment..."}
{"level":"info","message":"Connected to mongodb://localhost/vidly_tests..."}
{"level":"info","message":"Listening on port 3000 in test environment..."}
{"level":"info","message":"Connected to mongodb://localhost/vidly_tests..."}
{"level":"info","message":"Listening on port 3000 in test environment..."}
{"level":"info","message":"Connected to mongodb://localhost/vidly_tests..."}
{"level":"info","message":"Listening on port 3000 in test environment..."}
{"level":"info","message":"Connected to mongodb://localhost/vidly_tests..."}
{"level":"info","message":"Listening on port 3000 in test environment..."}
{"level":"info","message":"Connected to mongodb://localhost/vidly_tests..."}
{"level":"info","message":"Listening on port 3000 in test environment..."}
{"level":"info","message":"Connected to mongodb://localhost/vidly_tests..."}
{"level":"info","message":"Listening on port 3000 in test environment..."}
{"level":"info","message":"Connected to mongodb://localhost/vidly_tests..."}
{"level":"info","message":"Listening on port 3000 in test environment..."}
{"level":"info","message":"Connected to mongodb://localhost/vidly_tests..."}
{"level":"info","message":"Listening on port 3000 in test environment..."}
{"level":"info","message":"Connected to mongodb://localhost/vidly_tests..."}
{"level":"info","message":"Listening on port 3000 in test environment..."}
{"level":"info","message":"Connected to mongodb://localhost/vidly_tests..."}
{"level":"info","message":"Listening on port 3000 in test environment..."}
{"level":"info","message":"Connected to mongodb://localhost/vidly_tests..."}
{"level":"info","message":"Listening on port 3000 in test environment..."}
{"level":"info","message":"Connected to mongodb://localhost/vidly_tests..."}
{"level":"info","message":"Listening on port 3000 in test environment..."}
{"level":"info","message":"Connected to mongodb://localhost/vidly_tests..."}
{"level":"info","message":"Listening on port 3000 in test environment..."}
{"level":"info","message":"Connected to mongodb://localhost/vidly_tests..."}
{"level":"info","message":"Listening on port 3000 in test environment..."}
{"level":"info","message":"Connected to mongodb://localhost/vidly_tests..."}
{"level":"info","message":"Listening on port 3000 in test environment..."}
{"level":"info","message":"Connected to mongodb://localhost/vidly_tests..."}
{"level":"info","message":"Listening on port 3000 in test environment..."}
{"level":"info","message":"Connected to mongodb://localhost/vidly_tests..."}
{"level":"info","message":"Listening on port 3000 in test environment..."}
{"level":"info","message":"Connected to mongodb://localhost/vidly_tests..."}
{"level":"info","message":"Listening on port 3000 in test environment..."}
{"level":"info","message":"Connected to mongodb://localhost/vidly_tests..."}
{"level":"info","message":"Listening on port 3000 in test environment..."}
{"level":"info","message":"Connected to mongodb://localhost/vidly_tests..."}
{"level":"info","message":"Listening on port 3000 in test environment..."}
{"level":"info","message":"Connected to mongodb://localhost/vidly_tests..."}
{"level":"info","message":"Listening on port 3000 in test environment..."}
{"level":"info","message":"Connected to mongodb://localhost/vidly_tests..."}
{"level":"info","message":"Listening on port 3000 in test environment..."}
{"level":"info","message":"Connected to mongodb://localhost/vidly_tests..."}
{"level":"info","message":"Listening on port 3000 in test environment..."}
{"level":"info","message":"Connected to mongodb://localhost/vidly_tests..."}
{"level":"info","message":"Listening on port 3000 in test environment..."}
{"level":"info","message":"Connected to mongodb://localhost/vidly_tests..."}
{"level":"info","message":"Listening on port 3000 in test environment..."}
{"level":"info","message":"Connected to mongodb://localhost/vidly_tests..."}
